{"status": "broken", "name": "Send an e-mail", "labels": [{"name": "severity", "value": "normal"}, {"name": "feature", "value": "Send new e-mail"}, {"name": "framework", "value": "behave"}, {"name": "language", "value": "cpython2"}], "stop": 1595928221262, "historyId": "bb52e30543cc57da1947a603b9195726", "start": 1595928163351, "steps": [{"status": "passed", "start": 1595928167611, "stop": 1595928182400, "name": "Given user is log on Poczta Onet"}, {"status": "passed", "start": 1595928182401, "stop": 1595928185475, "name": "When logo is there"}, {"status": "passed", "start": 1595928185475, "stop": 1595928192430, "name": "And user click button Napisz wiadomosc"}, {"status": "passed", "start": 1595928192430, "stop": 1595928198156, "name": "And user puts address recipient"}, {"status": "passed", "start": 1595928198156, "stop": 1595928198514, "name": "And user puts title of e-mail"}, {"status": "passed", "start": 1595928198514, "stop": 1595928203828, "name": "And user puts text of message"}, {"status": "passed", "start": 1595928203829, "stop": 1595928212108, "name": "And user click Wyslij button"}, {"status": "broken", "start": 1595928212108, "stop": 1595928215128, "name": "Then User send e-mail to friend", "statusDetails": {"message": "NoSuchElementException: Message: Unable to locate element: .styles__ListWrapperStyled-vme1nn-0\n\n", "trace": "  File \"/home/rafalk/.local/lib/python2.7/site-packages/behave/model.py\", line 1329, in run\n    match.run(runner.context)\n  File \"/home/rafalk/.local/lib/python2.7/site-packages/behave/matchers.py\", line 98, in run\n    self.func(context, *args, **kwargs)\n  File \"steps/sendemail_steps.py\", line 60, in send\n    assert context.driver.find_element_by_css_selector('.styles__ListWrapperStyled-vme1nn-0')\n  File \"/home/rafalk/.local/lib/python2.7/site-packages/selenium/webdriver/remote/webdriver.py\", line 598, in find_element_by_css_selector\n    return self.find_element(by=By.CSS_SELECTOR, value=css_selector)\n  File \"/home/rafalk/.local/lib/python2.7/site-packages/selenium/webdriver/remote/webdriver.py\", line 978, in find_element\n    'value': value})['value']\n  File \"/home/rafalk/.local/lib/python2.7/site-packages/selenium/webdriver/remote/webdriver.py\", line 321, in execute\n    self.error_handler.check_response(response)\n  File \"/home/rafalk/.local/lib/python2.7/site-packages/selenium/webdriver/remote/errorhandler.py\", line 242, in check_response\n    raise exception_class(message, screen, stacktrace)\n"}}], "statusDetails": {"message": "NoSuchElementException: Message: Unable to locate element: .styles__ListWrapperStyled-vme1nn-0\n\n", "trace": "  File \"/home/rafalk/.local/lib/python2.7/site-packages/behave/model.py\", line 1329, in run\n    match.run(runner.context)\n  File \"/home/rafalk/.local/lib/python2.7/site-packages/behave/matchers.py\", line 98, in run\n    self.func(context, *args, **kwargs)\n  File \"steps/sendemail_steps.py\", line 60, in send\n    assert context.driver.find_element_by_css_selector('.styles__ListWrapperStyled-vme1nn-0')\n  File \"/home/rafalk/.local/lib/python2.7/site-packages/selenium/webdriver/remote/webdriver.py\", line 598, in find_element_by_css_selector\n    return self.find_element(by=By.CSS_SELECTOR, value=css_selector)\n  File \"/home/rafalk/.local/lib/python2.7/site-packages/selenium/webdriver/remote/webdriver.py\", line 978, in find_element\n    'value': value})['value']\n  File \"/home/rafalk/.local/lib/python2.7/site-packages/selenium/webdriver/remote/webdriver.py\", line 321, in execute\n    self.error_handler.check_response(response)\n  File \"/home/rafalk/.local/lib/python2.7/site-packages/selenium/webdriver/remote/errorhandler.py\", line 242, in check_response\n    raise exception_class(message, screen, stacktrace)\n"}, "uuid": "d8e20e5f-16d1-4d93-a612-5e99ac77647a"}